<?xml version="1.0" encoding="UTF-8"?>
<testng-results ignored="0" total="1" passed="1" failed="0" skipped="0">
  <reporter-output>
  </reporter-output>
  <suite started-at="2024-07-04T18:52:25 IST" name="Default suite" finished-at="2024-07-04T18:53:05 IST" duration-ms="39598">
    <groups>
    </groups>
    <test started-at="2024-07-04T18:52:25 IST" name="Default test" finished-at="2024-07-04T18:53:05 IST" duration-ms="39598">
      <class name="projectOrange.OrangeHRM">
        <test-method is-config="true" signature="openapp()[pri:0, instance:projectOrange.OrangeHRM@55634720]" started-at="2024-07-04T18:52:25 IST" name="openapp" finished-at="2024-07-04T18:52:31 IST" duration-ms="5556" status="PASS">
          <reporter-output>
          </reporter-output>
        </test-method> <!-- openapp -->
        <test-method signature="hrm()[pri:0, instance:projectOrange.OrangeHRM@55634720]" started-at="2024-07-04T18:52:31 IST" name="hrm" finished-at="2024-07-04T18:53:04 IST" duration-ms="33704" status="PASS">
          <reporter-output>
          </reporter-output>
        </test-method> <!-- hrm -->
        <test-method is-config="true" signature="closeapp()[pri:0, instance:projectOrange.OrangeHRM@55634720]" started-at="2024-07-04T18:53:04 IST" name="closeapp" finished-at="2024-07-04T18:53:05 IST" duration-ms="283" status="PASS">
          <reporter-output>
          </reporter-output>
        </test-method> <!-- closeapp -->
      </class> <!-- projectOrange.OrangeHRM -->
    </test> <!-- Default test -->
  </suite> <!-- Default suite -->
</testng-results>
